2021-11-19 21:31:35,731 [INFO] Activator:177 - 


2021-11-19 21:31:35,733 [INFO] Activator:178 - !SESSION log4j initialized
2021-11-19 21:35:05,170 [INFO] McuFinderGlobals:39 - Set McuFinder mode to 2 (CubeIDE integrated)
2021-11-19 21:35:08,012 [INFO] ApplicationProperties:181 - Using Application install path: C:\ST\STM32CubeIDE_1.7.0\STM32CubeIDE\plugins\com.st.stm32cube.common.mx_6.3.0.202107141111
2021-11-19 21:35:08,110 [INFO] DbMcusXml:74 - Set database path to: C:\ST\STM32CubeIDE_1.7.0\STM32CubeIDE\plugins\com.st.stm32cube.common.mx_6.3.0.202107141111\\db\/mcu/
2021-11-19 21:35:08,122 [INFO] DbBoardsPdsc:56 - Set plugin database path to: C:\ST\STM32CubeIDE_1.7.0\STM32CubeIDE\plugins\com.st.stm32cube.common.mx_6.3.0.202107141111\\db\/plugins/boardmanager/
2021-11-19 21:35:08,123 [INFO] DbMcus:258 - Set plugin images path to: C:\ST\STM32CubeIDE_1.7.0\STM32CubeIDE\plugins\com.st.stm32cube.common.mx_6.3.0.202107141111\\db\/plugins/mcufinder/images/
2021-11-19 21:35:08,123 [INFO] DbBoards:264 - Set plugin images path to: C:\ST\STM32CubeIDE_1.7.0\STM32CubeIDE\plugins\com.st.stm32cube.common.mx_6.3.0.202107141111\\db\/plugins/mcufinder/images/
2021-11-19 21:35:08,131 [INFO] DbExamples:333 - Set plugin images path to: C:\ST\STM32CubeIDE_1.7.0\STM32CubeIDE\plugins\com.st.stm32cube.common.mx_6.3.0.202107141111\\db\/plugins/mcufinder/images/
2021-11-19 21:35:08,262 [INFO] DbMcusAds:119 - Set database path to: C:\Users\mohanned\.stmcufinder\plugins\mcufinder//mcu/
2021-11-19 21:35:08,266 [INFO] DbMcusDocs:110 - Set database path to: C:\Users\mohanned\.stmcufinder\plugins\mcufinder//mcu/
2021-11-19 21:35:08,275 [INFO] DbMcusJson:64 - Set database path to: C:\Users\mohanned\.stmcufinder\plugins\mcufinder//mcu/
2021-11-19 21:35:08,279 [INFO] DbBoardsDocs:110 - Set database path to: C:\Users\mohanned\.stmcufinder\plugins\mcufinder//mcu/
2021-11-19 21:35:08,283 [INFO] DbBoardsJson:57 - Set database path to: C:\Users\mohanned\.stmcufinder\plugins\mcufinder//mcu/
2021-11-19 21:35:08,378 [INFO] CrossReferenceDbSqlite:196 - Set database path to: C:\Users\mohanned\.stmcufinder\plugins\mcufinder//mcu/cs/
2021-11-19 21:35:08,393 [INFO] DbExamplesSqlite:767 - Set database path to: C:\Users\mohanned\.stmcufinder\plugins\mcufinder//mcu/
2021-11-19 21:35:08,749 [INFO] RulesReader:57 - Compatibility file has been processed (242 Rules)
2021-11-19 21:35:09,378 [INFO] DbMcusXml:74 - Set database path to: C:\ST\STM32CubeIDE_1.7.0\STM32CubeIDE\plugins\com.st.stm32cube.common.mx_6.3.0.202107141111\\db\/mcu/
2021-11-19 21:35:09,380 [INFO] DbBoardsPdsc:56 - Set plugin database path to: C:\ST\STM32CubeIDE_1.7.0\STM32CubeIDE\plugins\com.st.stm32cube.common.mx_6.3.0.202107141111\\db\/plugins/boardmanager/
2021-11-19 21:35:09,380 [INFO] DbMcus:258 - Set plugin images path to: C:\ST\STM32CubeIDE_1.7.0\STM32CubeIDE\plugins\com.st.stm32cube.common.mx_6.3.0.202107141111\\db\/plugins/mcufinder/images/
2021-11-19 21:35:09,380 [INFO] DbBoards:264 - Set plugin images path to: C:\ST\STM32CubeIDE_1.7.0\STM32CubeIDE\plugins\com.st.stm32cube.common.mx_6.3.0.202107141111\\db\/plugins/mcufinder/images/
2021-11-19 21:35:09,380 [INFO] DbExamples:333 - Set plugin images path to: C:\ST\STM32CubeIDE_1.7.0\STM32CubeIDE\plugins\com.st.stm32cube.common.mx_6.3.0.202107141111\\db\/plugins/mcufinder/images/
2021-11-19 21:35:09,380 [WARN] DbFile:35 - Overriding database path with different value: C:\Users\mohanned\.stmcufinder\plugins\mcufinder/ => C:\Users\mohanned\.stmcufinder\plugins\mcufinder
2021-11-19 21:35:09,381 [INFO] DbMcusAds:119 - Set database path to: C:\Users\mohanned\.stmcufinder\plugins\mcufinder//mcu/
2021-11-19 21:35:09,381 [WARN] DbFile:35 - Overriding database path with different value: C:\Users\mohanned\.stmcufinder\plugins\mcufinder/ => C:\Users\mohanned\.stmcufinder\plugins\mcufinder
2021-11-19 21:35:09,381 [INFO] DbMcusDocs:110 - Set database path to: C:\Users\mohanned\.stmcufinder\plugins\mcufinder//mcu/
2021-11-19 21:35:09,381 [WARN] DbFile:35 - Overriding database path with different value: C:\Users\mohanned\.stmcufinder\plugins\mcufinder/ => C:\Users\mohanned\.stmcufinder\plugins\mcufinder
2021-11-19 21:35:09,382 [INFO] DbMcusJson:64 - Set database path to: C:\Users\mohanned\.stmcufinder\plugins\mcufinder//mcu/
2021-11-19 21:35:09,382 [WARN] DbFile:35 - Overriding database path with different value: C:\Users\mohanned\.stmcufinder\plugins\mcufinder/ => C:\Users\mohanned\.stmcufinder\plugins\mcufinder
2021-11-19 21:35:09,382 [INFO] DbBoardsDocs:110 - Set database path to: C:\Users\mohanned\.stmcufinder\plugins\mcufinder//mcu/
2021-11-19 21:35:09,382 [WARN] DbFile:35 - Overriding database path with different value: C:\Users\mohanned\.stmcufinder\plugins\mcufinder/ => C:\Users\mohanned\.stmcufinder\plugins\mcufinder
2021-11-19 21:35:09,382 [INFO] DbBoardsJson:57 - Set database path to: C:\Users\mohanned\.stmcufinder\plugins\mcufinder//mcu/
2021-11-19 21:35:09,382 [WARN] DbFile:35 - Overriding database path with different value: C:\Users\mohanned\.stmcufinder\plugins\mcufinder/ => C:\Users\mohanned\.stmcufinder\plugins\mcufinder
2021-11-19 21:35:09,382 [WARN] DbFile:35 - Overriding database path with different value: C:\Users\mohanned\.stmcufinder\plugins\mcufinder/ => C:\Users\mohanned\.stmcufinder\plugins\mcufinder
2021-11-19 21:35:09,383 [INFO] CrossReferenceDbSqlite:196 - Set database path to: C:\Users\mohanned\.stmcufinder\plugins\mcufinder//mcu/cs/
2021-11-19 21:35:09,383 [WARN] DbFile:35 - Overriding database path with different value: C:\Users\mohanned\.stmcufinder\plugins\mcufinder/ => C:\Users\mohanned\.stmcufinder\plugins\mcufinder
2021-11-19 21:35:09,383 [INFO] DbExamplesSqlite:767 - Set database path to: C:\Users\mohanned\.stmcufinder\plugins\mcufinder//mcu/
2021-11-19 21:35:09,942 [INFO] MainPanel:214 - HeapMemory: 371195904
2021-11-19 21:35:10,559 [INFO] DbMcusXml:74 - Set database path to: C:\ST\STM32CubeIDE_1.7.0\STM32CubeIDE\plugins\com.st.stm32cube.common.mx_6.3.0.202107141111\\db\/mcu/
2021-11-19 21:35:10,560 [INFO] DbBoardsPdsc:56 - Set plugin database path to: C:\ST\STM32CubeIDE_1.7.0\STM32CubeIDE\plugins\com.st.stm32cube.common.mx_6.3.0.202107141111\\db\/plugins/boardmanager/
2021-11-19 21:35:10,560 [INFO] DbMcus:258 - Set plugin images path to: C:\ST\STM32CubeIDE_1.7.0\STM32CubeIDE\plugins\com.st.stm32cube.common.mx_6.3.0.202107141111\\db\/plugins/mcufinder/images/
2021-11-19 21:35:10,560 [INFO] DbBoards:264 - Set plugin images path to: C:\ST\STM32CubeIDE_1.7.0\STM32CubeIDE\plugins\com.st.stm32cube.common.mx_6.3.0.202107141111\\db\/plugins/mcufinder/images/
2021-11-19 21:35:10,561 [INFO] DbExamples:333 - Set plugin images path to: C:\ST\STM32CubeIDE_1.7.0\STM32CubeIDE\plugins\com.st.stm32cube.common.mx_6.3.0.202107141111\\db\/plugins/mcufinder/images/
2021-11-19 21:35:10,571 [WARN] DbFile:35 - Overriding database path with different value: C:\Users\mohanned\.stmcufinder\plugins\mcufinder/ => C:\Users\mohanned\.stmcufinder\plugins\mcufinder
2021-11-19 21:35:10,572 [INFO] DbMcusAds:119 - Set database path to: C:\Users\mohanned\.stmcufinder\plugins\mcufinder//mcu/
2021-11-19 21:35:10,573 [WARN] DbFile:35 - Overriding database path with different value: C:\Users\mohanned\.stmcufinder\plugins\mcufinder/ => C:\Users\mohanned\.stmcufinder\plugins\mcufinder
2021-11-19 21:35:10,573 [INFO] DbMcusDocs:110 - Set database path to: C:\Users\mohanned\.stmcufinder\plugins\mcufinder//mcu/
2021-11-19 21:35:10,573 [WARN] DbFile:35 - Overriding database path with different value: C:\Users\mohanned\.stmcufinder\plugins\mcufinder/ => C:\Users\mohanned\.stmcufinder\plugins\mcufinder
2021-11-19 21:35:10,574 [INFO] DbMcusJson:64 - Set database path to: C:\Users\mohanned\.stmcufinder\plugins\mcufinder//mcu/
2021-11-19 21:35:10,574 [WARN] DbFile:35 - Overriding database path with different value: C:\Users\mohanned\.stmcufinder\plugins\mcufinder/ => C:\Users\mohanned\.stmcufinder\plugins\mcufinder
2021-11-19 21:35:10,575 [INFO] DbBoardsDocs:110 - Set database path to: C:\Users\mohanned\.stmcufinder\plugins\mcufinder//mcu/
2021-11-19 21:35:10,575 [WARN] DbFile:35 - Overriding database path with different value: C:\Users\mohanned\.stmcufinder\plugins\mcufinder/ => C:\Users\mohanned\.stmcufinder\plugins\mcufinder
2021-11-19 21:35:10,575 [INFO] DbBoardsJson:57 - Set database path to: C:\Users\mohanned\.stmcufinder\plugins\mcufinder//mcu/
2021-11-19 21:35:10,575 [WARN] DbFile:35 - Overriding database path with different value: C:\Users\mohanned\.stmcufinder\plugins\mcufinder/ => C:\Users\mohanned\.stmcufinder\plugins\mcufinder
2021-11-19 21:35:10,576 [WARN] DbFile:35 - Overriding database path with different value: C:\Users\mohanned\.stmcufinder\plugins\mcufinder/ => C:\Users\mohanned\.stmcufinder\plugins\mcufinder
2021-11-19 21:35:10,576 [INFO] CrossReferenceDbSqlite:196 - Set database path to: C:\Users\mohanned\.stmcufinder\plugins\mcufinder//mcu/cs/
2021-11-19 21:35:10,576 [WARN] DbFile:35 - Overriding database path with different value: C:\Users\mohanned\.stmcufinder\plugins\mcufinder/ => C:\Users\mohanned\.stmcufinder\plugins\mcufinder
2021-11-19 21:35:10,576 [INFO] DbExamplesSqlite:767 - Set database path to: C:\Users\mohanned\.stmcufinder\plugins\mcufinder//mcu/
2021-11-19 21:35:10,728 [INFO] ApplicationProperties:181 - Using Application install path: C:\ST\STM32CubeIDE_1.7.0\STM32CubeIDE\plugins\com.st.stm32cube.common.mx_6.3.0.202107141111
2021-11-19 21:35:10,730 [INFO] PluginManage:188 - Search for loadable plugins [exclusion list=, ]
2021-11-19 21:35:10,759 [INFO] PluginManage:302 - Check plugin analytics
2021-11-19 21:35:11,233 [INFO] AnalyticsPlugin:257 - Accepted Software Licenses: 
2021-11-19 21:35:11,234 [INFO] AnalyticsPlugin:259 - Accepted CMSIS Pack Licenses: 
2021-11-19 21:35:11,234 [INFO] AnalyticsPlugin:261 - Accepted Firmware Licenses: 
2021-11-19 21:35:11,235 [INFO] PluginManage:352 - Loaded plugin analytics (category:tool,tabindex:-1)
2021-11-19 21:35:11,235 [INFO] PluginManage:302 - Check plugin clock
2021-11-19 21:35:11,357 [INFO] PluginManage:352 - Loaded plugin clock (category:base,tabindex:2)
2021-11-19 21:35:11,358 [INFO] PluginManage:302 - Check plugin ddr
2021-11-19 21:35:11,396 [INFO] PluginManage:352 - Loaded plugin ddr (category:tool,tabindex:6)
2021-11-19 21:35:11,396 [INFO] PluginManage:302 - Check plugin filemanager
2021-11-19 21:35:11,849 [INFO] PluginManage:352 - Loaded plugin filemanager (category:base,tabindex:10)
2021-11-19 21:35:11,849 [INFO] PluginManage:302 - Check plugin ipmanager
2021-11-19 21:35:11,915 [INFO] PluginManage:352 - Loaded plugin ipmanager (category:base,tabindex:5)
2021-11-19 21:35:11,915 [INFO] PluginManage:302 - Check plugin pinoutandconfiguration
2021-11-19 21:35:11,968 [INFO] PluginManage:352 - Loaded plugin pinoutandconfiguration (category:base,tabindex:1)
2021-11-19 21:35:11,969 [INFO] PluginManage:302 - Check plugin pinoutconfig
2021-11-19 21:35:12,161 [INFO] PluginManage:352 - Loaded plugin pinoutconfig (category:base,tabindex:0)
2021-11-19 21:35:12,162 [INFO] PluginManage:302 - Check plugin power
2021-11-19 21:35:12,331 [INFO] PluginManage:352 - Loaded plugin power (category:power,tabindex:4)
2021-11-19 21:35:12,332 [INFO] PluginManage:302 - Check plugin projectmanager
2021-11-19 21:35:12,380 [INFO] PluginManage:352 - Loaded plugin projectmanager (category:projectmanager,tabindex:3)
2021-11-19 21:35:12,380 [INFO] PluginManage:302 - Check plugin thirdparty
2021-11-19 21:35:13,100 [WARN] IntegrityCheckThread:78 - waiting for thirdparty lock release [integrity check]
2021-11-19 21:35:13,102 [INFO] PluginManage:352 - Loaded plugin thirdparty (category:base,tabindex:-1)
2021-11-19 21:35:13,102 [INFO] IntegrityCheckThread:80 - entering critical section [integrity check]
2021-11-19 21:35:13,102 [INFO] PluginManage:302 - Check plugin tools
2021-11-19 21:35:13,103 [INFO] ThirdPartyUpdaterWithRetryManager:66 - Updater plugin not ready yet. [1/15]
2021-11-19 21:35:13,234 [INFO] PluginManage:352 - Loaded plugin tools (category:base,tabindex:7)
2021-11-19 21:35:13,234 [INFO] PluginManage:302 - Check plugin tutovideos
2021-11-19 21:35:13,771 [INFO] PluginManage:352 - Loaded plugin tutovideos (category:base,tabindex:-1)
2021-11-19 21:35:13,771 [INFO] PluginManage:302 - Check plugin updater
2021-11-19 21:35:13,800 [INFO] PluginManage:352 - Loaded plugin updater (category:base,tabindex:12)
2021-11-19 21:35:13,801 [INFO] PluginManage:275 - PluginManage : Loaded plugins [13]
2021-11-19 21:35:14,867 [INFO] PinOutPanel:1463 - setPackage(No Configuration,No Configuration)
2021-11-19 21:35:15,227 [INFO] IPUIPlugin:74 - create IPUIPlugin
2021-11-19 21:35:15,228 [INFO] PluginManager:213 - loadIPPluginJar : add adc
2021-11-19 21:35:15,297 [INFO] IPUIPlugin:74 - create IPUIPlugin
2021-11-19 21:35:15,297 [INFO] PluginManager:213 - loadIPPluginJar : add aes
2021-11-19 21:35:15,370 [INFO] IPUIPlugin:74 - create IPUIPlugin
2021-11-19 21:35:15,370 [INFO] PluginManager:213 - loadIPPluginJar : add can
2021-11-19 21:35:15,412 [INFO] IPUIPlugin:74 - create IPUIPlugin
2021-11-19 21:35:15,413 [INFO] PluginManager:213 - loadIPPluginJar : add comp
2021-11-19 21:35:15,464 [INFO] IPUIPlugin:74 - create IPUIPlugin
2021-11-19 21:35:15,464 [INFO] PluginManager:213 - loadIPPluginJar : add cryp
2021-11-19 21:35:15,506 [INFO] IPUIPlugin:74 - create IPUIPlugin
2021-11-19 21:35:15,507 [INFO] PluginManager:213 - loadIPPluginJar : add dfsdm
2021-11-19 21:35:15,555 [INFO] IPUIPlugin:74 - create IPUIPlugin
2021-11-19 21:35:15,556 [INFO] PluginManager:213 - loadIPPluginJar : add dma
2021-11-19 21:35:15,633 [INFO] IPUIPlugin:74 - create IPUIPlugin
2021-11-19 21:35:15,634 [INFO] PluginManager:213 - loadIPPluginJar : add dma3
2021-11-19 21:35:15,673 [INFO] IPUIPlugin:74 - create IPUIPlugin
2021-11-19 21:35:15,674 [INFO] PluginManager:213 - loadIPPluginJar : add fatfs
2021-11-19 21:35:15,779 [INFO] IPUIPlugin:74 - create IPUIPlugin
2021-11-19 21:35:15,779 [INFO] PluginManager:213 - loadIPPluginJar : add fmc
2021-11-19 21:35:15,854 [INFO] IPUIPlugin:74 - create IPUIPlugin
2021-11-19 21:35:15,854 [INFO] PluginManager:213 - loadIPPluginJar : add freertos
2021-11-19 21:35:15,901 [INFO] IPUIPlugin:74 - create IPUIPlugin
2021-11-19 21:35:15,902 [INFO] PluginManager:213 - loadIPPluginJar : add genericplugin
2021-11-19 21:35:16,048 [INFO] IPUIPlugin:74 - create IPUIPlugin
2021-11-19 21:35:16,048 [INFO] PluginManager:213 - loadIPPluginJar : add gfxmmu
2021-11-19 21:35:16,111 [INFO] ThirdPartyUpdaterWithRetryManager:66 - Updater plugin not ready yet. [2/15]
2021-11-19 21:35:16,283 [INFO] IPUIPlugin:74 - create IPUIPlugin
2021-11-19 21:35:16,284 [INFO] PluginManager:213 - loadIPPluginJar : add gic
2021-11-19 21:35:16,355 [INFO] IPUIPlugin:74 - create IPUIPlugin
2021-11-19 21:35:16,355 [INFO] PluginManager:213 - loadIPPluginJar : add gpio
2021-11-19 21:35:16,467 [INFO] IPUIPlugin:74 - create IPUIPlugin
2021-11-19 21:35:16,468 [INFO] PluginManager:213 - loadIPPluginJar : add gtzc
2021-11-19 21:35:16,509 [INFO] IPUIPlugin:74 - create IPUIPlugin
2021-11-19 21:35:16,509 [INFO] PluginManager:213 - loadIPPluginJar : add hash
2021-11-19 21:35:16,599 [INFO] IPUIPlugin:74 - create IPUIPlugin
2021-11-19 21:35:16,599 [INFO] PluginManager:213 - loadIPPluginJar : add i2c
2021-11-19 21:35:16,733 [INFO] IPUIPlugin:74 - create IPUIPlugin
2021-11-19 21:35:16,733 [INFO] PluginManager:213 - loadIPPluginJar : add i2s
2021-11-19 21:35:16,802 [INFO] IPUIPlugin:74 - create IPUIPlugin
2021-11-19 21:35:16,803 [INFO] PluginManager:213 - loadIPPluginJar : add ipddr
2021-11-19 21:35:16,983 [INFO] IPUIPlugin:74 - create IPUIPlugin
2021-11-19 21:35:16,983 [INFO] PluginManager:213 - loadIPPluginJar : add linkedlist
2021-11-19 21:35:17,041 [INFO] IPUIPlugin:74 - create IPUIPlugin
2021-11-19 21:35:17,041 [INFO] PluginManager:213 - loadIPPluginJar : add lorawan
2021-11-19 21:35:17,090 [INFO] IPUIPlugin:74 - create IPUIPlugin
2021-11-19 21:35:17,091 [INFO] PluginManager:213 - loadIPPluginJar : add ltdc
2021-11-19 21:35:17,116 [INFO] IPUIPlugin:74 - create IPUIPlugin
2021-11-19 21:35:17,116 [INFO] PluginManager:213 - loadIPPluginJar : add mdma
2021-11-19 21:35:17,152 [INFO] IPUIPlugin:74 - create IPUIPlugin
2021-11-19 21:35:17,152 [INFO] PluginManager:213 - loadIPPluginJar : add nvic
2021-11-19 21:35:17,202 [INFO] IPUIPlugin:74 - create IPUIPlugin
2021-11-19 21:35:17,202 [INFO] PluginManager:213 - loadIPPluginJar : add opamp
2021-11-19 21:35:17,280 [INFO] IPUIPlugin:74 - create IPUIPlugin
2021-11-19 21:35:17,280 [INFO] PluginManager:213 - loadIPPluginJar : add openamp
2021-11-19 21:35:17,373 [INFO] IPUIPlugin:74 - create IPUIPlugin
2021-11-19 21:35:17,374 [INFO] PluginManager:213 - loadIPPluginJar : add pdm2pcm
2021-11-19 21:35:17,434 [INFO] IPUIPlugin:74 - create IPUIPlugin
2021-11-19 21:35:17,441 [INFO] PluginManager:213 - loadIPPluginJar : add plateformsettings
2021-11-19 21:35:17,478 [INFO] IPUIPlugin:74 - create IPUIPlugin
2021-11-19 21:35:17,478 [INFO] PluginManager:213 - loadIPPluginJar : add quadspi
2021-11-19 21:35:17,540 [INFO] IPUIPlugin:74 - create IPUIPlugin
2021-11-19 21:35:17,541 [INFO] PluginManager:213 - loadIPPluginJar : add resmgrutility
2021-11-19 21:35:17,653 [INFO] IPUIPlugin:74 - create IPUIPlugin
2021-11-19 21:35:17,653 [INFO] PluginManager:213 - loadIPPluginJar : add sai
2021-11-19 21:35:17,717 [INFO] IPUIPlugin:74 - create IPUIPlugin
2021-11-19 21:35:17,717 [INFO] PluginManager:213 - loadIPPluginJar : add spi
2021-11-19 21:35:17,836 [INFO] IPUIPlugin:74 - create IPUIPlugin
2021-11-19 21:35:17,836 [INFO] PluginManager:213 - loadIPPluginJar : add stm32_wpan
2021-11-19 21:35:17,890 [INFO] IPUIPlugin:74 - create IPUIPlugin
2021-11-19 21:35:17,890 [INFO] PluginManager:213 - loadIPPluginJar : add tim
2021-11-19 21:35:17,983 [INFO] IPUIPlugin:74 - create IPUIPlugin
2021-11-19 21:35:17,984 [INFO] PluginManager:213 - loadIPPluginJar : add touchsensing
2021-11-19 21:35:18,078 [INFO] IPUIPlugin:74 - create IPUIPlugin
2021-11-19 21:35:18,079 [INFO] PluginManager:213 - loadIPPluginJar : add tracer_emb
2021-11-19 21:35:18,130 [INFO] IPUIPlugin:74 - create IPUIPlugin
2021-11-19 21:35:18,130 [INFO] PluginManager:213 - loadIPPluginJar : add ts
2021-11-19 21:35:18,161 [INFO] IPUIPlugin:74 - create IPUIPlugin
2021-11-19 21:35:18,162 [INFO] PluginManager:213 - loadIPPluginJar : add tsc
2021-11-19 21:35:18,199 [INFO] IPUIPlugin:74 - create IPUIPlugin
2021-11-19 21:35:18,199 [INFO] PluginManager:213 - loadIPPluginJar : add ucpd
2021-11-19 21:35:18,252 [INFO] IPUIPlugin:74 - create IPUIPlugin
2021-11-19 21:35:18,252 [INFO] PluginManager:213 - loadIPPluginJar : add usart
2021-11-19 21:35:18,321 [INFO] IPUIPlugin:74 - create IPUIPlugin
2021-11-19 21:35:18,321 [INFO] PluginManager:213 - loadIPPluginJar : add usbx
2021-11-19 21:35:19,110 [FATAL] Updater:294 - Updater called before beeing initialized
2021-11-19 21:35:19,112 [INFO] ThirdPartyUpdaterWithRetryManager:66 - Updater plugin not ready yet. [3/15]
2021-11-19 21:35:19,356 [FATAL] Updater:294 - Updater called before beeing initialized
2021-11-19 21:35:19,396 [INFO] DbMcusAds:47 - JSON generation date=Tue May 11 17:32:49 EET 2021 (1620747169502)
2021-11-19 21:35:19,396 [FATAL] Updater:294 - Updater called before beeing initialized
2021-11-19 21:35:19,858 [WARN] DetailPanel:314 - Failed to get advertising image, set to default
2021-11-19 21:35:20,073 [FATAL] Updater:294 - Updater called before beeing initialized
2021-11-19 21:35:20,086 [FATAL] Updater:294 - Updater called before beeing initialized
2021-11-19 21:35:20,086 [FATAL] Updater:294 - Updater called before beeing initialized
2021-11-19 21:35:20,086 [WARN] DetailPanel:314 - Failed to get advertising image, set to default
2021-11-19 21:35:20,088 [FATAL] Updater:294 - Updater called before beeing initialized
2021-11-19 21:35:20,195 [ERROR] Updater:1075 - MainUpdater not yet initialized. External WinMGr cannot be set.
2021-11-19 21:35:20,227 [INFO] Updater:1012 - Updater Version found : 6.3.0
2021-11-19 21:35:20,298 [INFO] ApplicationProperties:181 - Using Application install path: C:\ST\STM32CubeIDE_1.7.0\STM32CubeIDE\plugins\com.st.stm32cube.common.mx_6.3.0.202107141111
2021-11-19 21:35:21,710 [INFO] MainUpdater:2671 - connection check result : 10
2021-11-19 21:35:21,713 [INFO] MainUpdater:265 - Updater Check For Update Now.
2021-11-19 21:35:21,714 [INFO] MicroXplorer:478 - Change Database Version : DB.6.0.30
2021-11-19 21:35:22,074 [INFO] CheckServerUpdateThread:112 - End of CheckServer Thread
2021-11-19 21:35:22,348 [INFO] MainUpdater:2671 - connection check result : 10
2021-11-19 21:35:22,486 [INFO] McuFinderGlobals:52 - Set McuFinderConnectedMode to true
2021-11-19 21:35:23,416 [WARN] PackLoader:238 - Cannot read IP mode file for STMicroelectronics.X-CUBE-BLE1.6.2.2
2021-11-19 21:35:23,479 [WARN] PackLoader:238 - Cannot read IP mode file for STMicroelectronics.X-CUBE-BLE2.3.2.2
2021-11-19 21:35:23,513 [WARN] PackLoader:238 - Cannot read IP mode file for STMicroelectronics.X-CUBE-NFC4.2.0.3
2021-11-19 21:35:23,572 [WARN] PackLoader:238 - Cannot read IP mode file for STMicroelectronics.X-CUBE-SFXS2LP1.3.1.0
2021-11-19 21:35:23,656 [WARN] PackLoader:238 - Cannot read IP mode file for STMicroelectronics.X-CUBE-AZRTOS-F4.1.0.0
2021-11-19 21:35:23,689 [INFO] ServerAccessManage:362 - Download File mcusAds.json._tmp_
2021-11-19 21:35:23,706 [WARN] PackLoader:238 - Cannot read IP mode file for STMicroelectronics.X-CUBE-TOF1.2.0.0
2021-11-19 21:35:23,750 [WARN] PackLoader:238 - Cannot read IP mode file for STMicroelectronics.X-CUBE-SUBG2.4.2.0
2021-11-19 21:35:23,826 [WARN] PackLoader:238 - Cannot read IP mode file for STMicroelectronics.X-CUBE-ALGOBUILD.1.2.1
2021-11-19 21:35:23,836 [INFO] LoadUrlFilesThread:145 - End of LoadUrlFiles Thread
2021-11-19 21:35:23,866 [WARN] PackLoader:238 - Cannot read IP mode file for STMicroelectronics.X-CUBE-TOUCHGFX.4.18.0
2021-11-19 21:35:23,909 [WARN] PackLoader:238 - Cannot read IP mode file for wolfSSL.I-CUBE-wolfSSL.5.0.0
2021-11-19 21:35:23,986 [WARN] PackLoader:238 - Cannot read IP mode file for RoweBots.I-CUBE-UNISONRTOS.5.5.0-4
2021-11-19 21:35:24,065 [WARN] PackLoader:238 - Cannot read IP mode file for SEGGER.I-CUBE-embOS.1.2.0
2021-11-19 21:35:24,261 [WARN] PackLoader:238 - Cannot read IP mode file for STMicroelectronics.X-CUBE-AZRTOS-H7.2.0.0
2021-11-19 21:35:24,469 [WARN] PackLoader:238 - Cannot read IP mode file for STMicroelectronics.X-CUBE-AZRTOS-L4.1.0.0
2021-11-19 21:35:24,624 [WARN] PackLoader:238 - Cannot read IP mode file for STMicroelectronics.X-CUBE-MEMS1.9.1.0
2021-11-19 21:35:24,874 [WARN] PackLoader:238 - Cannot read IP mode file for STMicroelectronics.X-CUBE-ALS.1.0.1
2021-11-19 21:35:24,903 [WARN] PackLoader:238 - Cannot read IP mode file for STMicroelectronics.X-CUBE-AI.7.0.0
2021-11-19 21:35:24,930 [WARN] PackLoader:238 - Cannot read IP mode file for STMicroelectronics.X-CUBE-EEPRMA1.3.1.0
2021-11-19 21:35:24,957 [WARN] PackLoader:238 - Cannot read IP mode file for STMicroelectronics.X-CUBE-GNSS1.5.2.0
2021-11-19 21:35:24,983 [WARN] PackLoader:238 - Cannot read IP mode file for STMicroelectronics.X-CUBE-DISPLAY.2.0.0
2021-11-19 21:35:24,985 [INFO] ThirdParty:915 - Integrity check success = true
2021-11-19 21:35:24,985 [INFO] IntegrityCheckThread:94 - exiting critical section [integrity check]
2021-11-19 21:35:24,985 [INFO] IntegrityCheckThread:97 - End integrity checks thread
2021-11-19 21:35:25,057 [INFO] ServerAccessManage:362 - Download File mcusDocs.json._tmp_
2021-11-19 21:35:25,435 [INFO] LoadUrlFilesThread:145 - End of LoadUrlFiles Thread
2021-11-19 21:35:26,565 [INFO] ServerAccessManage:362 - Download File mcusFeaturesAndDescription.json._tmp_
2021-11-19 21:35:36,962 [INFO] LoadUrlFilesThread:145 - End of LoadUrlFiles Thread
2021-11-19 21:35:37,960 [INFO] ServerAccessManage:362 - Download File boardsDocs.json._tmp_
2021-11-19 21:35:38,145 [INFO] LoadUrlFilesThread:145 - End of LoadUrlFiles Thread
2021-11-19 21:35:39,054 [INFO] ServerAccessManage:362 - Download File boards.json._tmp_
2021-11-19 21:35:39,727 [INFO] LoadUrlFilesThread:145 - End of LoadUrlFiles Thread
2021-11-19 21:35:40,625 [INFO] ServerAccessManage:362 - Download File cube-finder-db.zip
2021-11-19 21:36:06,087 [INFO] FileExtend:235 - Unzip File : cube-finder-db.zip
2021-11-19 21:36:06,087 [INFO] FileExtend:250 - Standard Zip Deflate
2021-11-19 21:36:07,812 [INFO] LoadUrlFilesThread:145 - End of LoadUrlFiles Thread
2021-11-19 21:36:09,528 [INFO] ServerAccessManage:362 - Download File crdb.zip
2021-11-19 21:36:10,480 [INFO] FileExtend:235 - Unzip File : crdb.zip
2021-11-19 21:36:10,481 [INFO] FileExtend:250 - Standard Zip Deflate
2021-11-19 21:36:10,673 [INFO] LoadUrlFilesThread:145 - End of LoadUrlFiles Thread
2021-11-19 21:36:11,650 [INFO] ServerAccessManage:362 - Download File tutoVideoDB.zip
2021-11-19 21:36:11,882 [INFO] FileExtend:235 - Unzip File : tutoVideoDB.zip
2021-11-19 21:36:11,883 [INFO] FileExtend:250 - Standard Zip Deflate
2021-11-19 21:36:12,040 [INFO] LoadUrlFilesThread:145 - End of LoadUrlFiles Thread
2021-11-19 21:36:12,045 [INFO] DbMcusAds:47 - JSON generation date=Thu Sep 30 08:55:09 EET 2021 (1632984909377)
2021-11-19 21:36:12,089 [INFO] DbMcusDocs:143 - JSON generation date=Fri Oct 29 09:56:29 EET 2021 (1635494189)
2021-11-19 21:36:12,089 [INFO] DbMcusXml:100 - Load MCU database from C:\ST\STM32CubeIDE_1.7.0\STM32CubeIDE\plugins\com.st.stm32cube.common.mx_6.3.0.202107141111\\db\/mcu/families.xml
2021-11-19 21:36:13,555 [INFO] DbMcusJson:93 - JSON generation date=Fri Oct 29 09:56:29 EET 2021 (1635494189)
2021-11-19 21:36:14,728 [INFO] DbMcus:175 - Found 1951 MCUs (1903 are supported by CubeMX, 1905 are visible in CubeMX)
2021-11-19 21:36:14,757 [INFO] ApiDb:251 - Load user favorites file C:\Users\mohanned/.stm32cubeide/favorites.mcus.txt: 0 item(s)
2021-11-19 21:36:14,757 [INFO] ApiDb:255 - User favorites MCUs=[]
2021-11-19 21:36:14,757 [INFO] DbMcus:187 - Set 0 / 0 favorites MCUs
2021-11-19 21:36:15,566 [INFO] DbMcusDocs:79 - Found 682 MCUs documents
2021-11-19 21:36:15,582 [INFO] ApiDb:276 - Save user favorites file C:\Users\mohanned/.stm32cubeide/favorites.mcus.txt: 0 item(s)
2021-11-19 21:36:15,582 [INFO] ApiDb:280 - User favorites MCUs=[]
2021-11-19 21:36:15,582 [INFO] DbMcusXml:100 - Load MCU database from C:\ST\STM32CubeIDE_1.7.0\STM32CubeIDE\plugins\com.st.stm32cube.common.mx_6.3.0.202107141111\\db\/mcu/families.xml
2021-11-19 21:36:16,786 [INFO] DbMcusJson:93 - JSON generation date=Fri Oct 29 09:56:29 EET 2021 (1635494189)
2021-11-19 21:36:17,802 [INFO] DbMcus:175 - Found 1951 MCUs (1903 are supported by CubeMX, 1905 are visible in CubeMX)
2021-11-19 21:36:17,803 [INFO] ApiDb:251 - Load user favorites file C:\Users\mohanned/.stm32cubeide/favorites.mcus.txt: 0 item(s)
2021-11-19 21:36:17,803 [INFO] ApiDb:255 - User favorites MCUs=[]
2021-11-19 21:36:17,803 [INFO] DbMcus:187 - Set 0 / 0 favorites MCUs
2021-11-19 21:36:17,879 [INFO] DbBoardsDocs:143 - JSON generation date=Fri Oct 29 09:56:29 EET 2021 (1635494189)
2021-11-19 21:36:18,043 [INFO] DbBoardsPdsc:90 - Found 25 items
2021-11-19 21:36:18,087 [INFO] DbBoardsPdsc:90 - Found 9 items
2021-11-19 21:36:18,139 [INFO] DbBoardsPdsc:90 - Found 33 items
2021-11-19 21:36:18,162 [INFO] DbBoardsPdsc:90 - Found 1 items
2021-11-19 21:36:18,203 [INFO] DbBoardsPdsc:90 - Found 48 items
2021-11-19 21:36:18,249 [INFO] DbBoardsPdsc:90 - Found 43 items
2021-11-19 21:36:18,304 [INFO] DbBoardsPdsc:90 - Found 2 items
2021-11-19 21:36:18,347 [INFO] DbBoardsPdsc:90 - Found 5 items
2021-11-19 21:36:18,377 [WARN] DbBoardsPdsc:254 - Board STM32H7B3I-DK: unknown feature type=Audio, name=, username=Audio stereo codec with Headphone Amp (CS42L51-CNZ), n=1
2021-11-19 21:36:18,379 [WARN] DbBoardsPdsc:254 - Board STM32H735G-DK: unknown feature type=Audio, name=, username=Audio stereo codec with Headphone Amp (WM8994ECS/R), n=1
2021-11-19 21:36:18,388 [WARN] DbBoardsPdsc:254 - Board STM32H7B3I-EVAL: unknown feature type=Audio, name=, username=Multi-Channel Audio Codec (CS42L51-CNZ), n=1
2021-11-19 21:36:18,389 [WARN] DbBoardsPdsc:254 - Board STM32H7B3I-EVAL: unknown feature type=Meter, name=, username=Power-metering and Temperature-monitoring with sigma-delta modulators, n=1
2021-11-19 21:36:18,389 [WARN] DbBoardsPdsc:254 - Board STM32H7B3I-EVAL: unknown feature type=Motor, name=, username=Motor Control, n=1
2021-11-19 21:36:18,393 [WARN] DbBoardsPdsc:254 - Board STM32U575I-EV: unknown feature type=joystick, name=, username=4-direction joystick with selection button, n=1
2021-11-19 21:36:18,503 [INFO] DbBoardsJson:86 - JSON generation date=Fri Oct 29 09:56:29 EET 2021 (1635494189)
2021-11-19 21:36:18,522 [INFO] DbBoards:117 - Found 167 boards (163 are supported by CubeMX)
2021-11-19 21:36:18,530 [INFO] DbBoardsDocs:143 - JSON generation date=Fri Oct 29 09:56:29 EET 2021 (1635494189)
2021-11-19 21:36:18,541 [INFO] DbBoardsDocs:79 - Found 209 boards documents
2021-11-19 21:36:18,544 [WARN] DbBoards:127 - board B-L475E-IOT01A2 has no document id list !
2021-11-19 21:36:18,546 [WARN] DbBoards:127 - board NUCLEO-H743ZI has no document id list !
2021-11-19 21:36:18,548 [WARN] DbBoards:127 - board NUCLEO-WL55JC2 has no document id list !
2021-11-19 21:36:18,549 [WARN] DbBoards:127 - board P-NUCLEO-WB55-Nucleo has no document id list !
2021-11-19 21:36:18,549 [WARN] DbBoards:127 - board P-NUCLEO-WB55-USBDongle has no document id list !
2021-11-19 21:36:18,549 [WARN] DbBoards:127 - board STEVAL-BFA001V1B has no document id list !
2021-11-19 21:36:18,549 [WARN] DbBoards:127 - board STEVAL-BFA001V2B has no document id list !
2021-11-19 21:36:18,549 [WARN] DbBoards:127 - board STEVAL-IDP005V1 has no document id list !
2021-11-19 21:36:18,549 [WARN] DbBoards:127 - board STEVAL-IDP005V2 has no document id list !
2021-11-19 21:36:18,549 [WARN] DbBoards:127 - board STEVAL-MKSBOX1V1 has no document id list !
2021-11-19 21:36:18,549 [WARN] DbBoards:127 - board STEVAL-STWINKT1 has no document id list !
2021-11-19 21:36:18,549 [WARN] DbBoards:127 - board STEVAL-STWINKT1B has no document id list !
2021-11-19 21:36:18,550 [WARN] DbBoards:127 - board STM32439I-EVAL2 has no document id list !
2021-11-19 21:36:18,551 [WARN] DbBoards:127 - board STM32F401C-DISCO has no document id list !
2021-11-19 21:36:18,552 [WARN] DbBoards:127 - board STM32F769I-DISC1 has no document id list !
2021-11-19 21:36:18,553 [WARN] DbBoards:127 - board STM32G474E-EVAL1 has no document id list !
2021-11-19 21:36:18,553 [WARN] DbBoards:127 - board STM32H743I-EVAL2 has no document id list !
2021-11-19 21:36:18,554 [WARN] DbBoards:127 - board STM32H747I-DISC1 has no document id list !
2021-11-19 21:36:18,554 [WARN] DbBoards:127 - board STM32H753I-EVAL2 has no document id list !
2021-11-19 21:36:18,554 [WARN] DbBoards:127 - board STM32L-DISCOVERY has no document id list !
2021-11-19 21:36:19,298 [ERROR] DbBoards:189 - Image file not found for board B-U585I-IOT02A: C:\ST\STM32CubeIDE_1.7.0\STM32CubeIDE\plugins\com.st.stm32cube.common.mx_6.3.0.202107141111\\db\/plugins/mcufinder/images/boards/B-U585I-IOT02A_small.jpg
2021-11-19 21:36:24,757 [INFO] ApiDb:251 - Load user favorites file C:\Users\mohanned/.stm32cubeide/favorites.boards.txt: 0 item(s)
2021-11-19 21:36:24,757 [INFO] ApiDb:255 - User favorites Boards=[]
2021-11-19 21:36:24,758 [INFO] DbBoards:206 - Set 0 / 0 favorites Boards
2021-11-19 21:36:24,762 [INFO] DbBoardsDocs:79 - Found 418 boards documents
2021-11-19 21:36:24,763 [INFO] ApiDb:276 - Save user favorites file C:\Users\mohanned/.stm32cubeide/favorites.boards.txt: 0 item(s)
2021-11-19 21:36:24,763 [INFO] ApiDb:280 - User favorites Boards=[]
2021-11-19 21:36:24,768 [INFO] DbBoardsPdsc:90 - Found 25 items
2021-11-19 21:36:24,770 [INFO] DbBoardsPdsc:90 - Found 9 items
2021-11-19 21:36:24,774 [INFO] DbBoardsPdsc:90 - Found 33 items
2021-11-19 21:36:24,775 [INFO] DbBoardsPdsc:90 - Found 1 items
2021-11-19 21:36:24,782 [INFO] DbBoardsPdsc:90 - Found 48 items
2021-11-19 21:36:24,791 [INFO] DbBoardsPdsc:90 - Found 43 items
2021-11-19 21:36:24,792 [INFO] DbBoardsPdsc:90 - Found 2 items
2021-11-19 21:36:24,794 [INFO] DbBoardsPdsc:90 - Found 5 items
2021-11-19 21:36:24,798 [WARN] DbBoardsPdsc:254 - Board STM32H7B3I-DK: unknown feature type=Audio, name=, username=Audio stereo codec with Headphone Amp (CS42L51-CNZ), n=1
2021-11-19 21:36:24,799 [WARN] DbBoardsPdsc:254 - Board STM32H735G-DK: unknown feature type=Audio, name=, username=Audio stereo codec with Headphone Amp (WM8994ECS/R), n=1
2021-11-19 21:36:24,801 [WARN] DbBoardsPdsc:254 - Board STM32H7B3I-EVAL: unknown feature type=Audio, name=, username=Multi-Channel Audio Codec (CS42L51-CNZ), n=1
2021-11-19 21:36:24,801 [WARN] DbBoardsPdsc:254 - Board STM32H7B3I-EVAL: unknown feature type=Meter, name=, username=Power-metering and Temperature-monitoring with sigma-delta modulators, n=1
2021-11-19 21:36:24,801 [WARN] DbBoardsPdsc:254 - Board STM32H7B3I-EVAL: unknown feature type=Motor, name=, username=Motor Control, n=1
2021-11-19 21:36:24,802 [WARN] DbBoardsPdsc:254 - Board STM32U575I-EV: unknown feature type=joystick, name=, username=4-direction joystick with selection button, n=1
2021-11-19 21:36:24,827 [INFO] DbBoardsJson:86 - JSON generation date=Fri Oct 29 09:56:29 EET 2021 (1635494189)
2021-11-19 21:36:24,834 [INFO] DbBoards:117 - Found 167 boards (163 are supported by CubeMX)
2021-11-19 21:36:24,835 [WARN] DbBoards:127 - board B-L475E-IOT01A2 has no document id list !
2021-11-19 21:36:24,837 [WARN] DbBoards:127 - board NUCLEO-H743ZI has no document id list !
2021-11-19 21:36:24,837 [WARN] DbBoards:127 - board NUCLEO-WL55JC2 has no document id list !
2021-11-19 21:36:24,837 [WARN] DbBoards:127 - board P-NUCLEO-WB55-Nucleo has no document id list !
2021-11-19 21:36:24,837 [WARN] DbBoards:127 - board P-NUCLEO-WB55-USBDongle has no document id list !
2021-11-19 21:36:24,837 [WARN] DbBoards:127 - board STEVAL-BFA001V1B has no document id list !
2021-11-19 21:36:24,838 [WARN] DbBoards:127 - board STEVAL-BFA001V2B has no document id list !
2021-11-19 21:36:24,838 [WARN] DbBoards:127 - board STEVAL-IDP005V1 has no document id list !
2021-11-19 21:36:24,838 [WARN] DbBoards:127 - board STEVAL-IDP005V2 has no document id list !
2021-11-19 21:36:24,838 [WARN] DbBoards:127 - board STEVAL-MKSBOX1V1 has no document id list !
2021-11-19 21:36:24,838 [WARN] DbBoards:127 - board STEVAL-STWINKT1 has no document id list !
2021-11-19 21:36:24,838 [WARN] DbBoards:127 - board STEVAL-STWINKT1B has no document id list !
2021-11-19 21:36:24,838 [WARN] DbBoards:127 - board STM32439I-EVAL2 has no document id list !
2021-11-19 21:36:24,838 [WARN] DbBoards:127 - board STM32F401C-DISCO has no document id list !
2021-11-19 21:36:24,838 [WARN] DbBoards:127 - board STM32F769I-DISC1 has no document id list !
2021-11-19 21:36:24,839 [WARN] DbBoards:127 - board STM32G474E-EVAL1 has no document id list !
2021-11-19 21:36:24,839 [WARN] DbBoards:127 - board STM32H743I-EVAL2 has no document id list !
2021-11-19 21:36:24,839 [WARN] DbBoards:127 - board STM32H747I-DISC1 has no document id list !
2021-11-19 21:36:24,839 [WARN] DbBoards:127 - board STM32H753I-EVAL2 has no document id list !
2021-11-19 21:36:24,839 [WARN] DbBoards:127 - board STM32L-DISCOVERY has no document id list !
2021-11-19 21:36:24,951 [ERROR] DbBoards:189 - Image file not found for board B-U585I-IOT02A: C:\ST\STM32CubeIDE_1.7.0\STM32CubeIDE\plugins\com.st.stm32cube.common.mx_6.3.0.202107141111\\db\/plugins/mcufinder/images/boards/B-U585I-IOT02A_small.jpg
2021-11-19 21:36:26,649 [INFO] ApiDb:251 - Load user favorites file C:\Users\mohanned/.stm32cubeide/favorites.boards.txt: 0 item(s)
2021-11-19 21:36:26,650 [INFO] ApiDb:255 - User favorites Boards=[]
2021-11-19 21:36:26,650 [INFO] DbBoards:206 - Set 0 / 0 favorites Boards
2021-11-19 21:36:32,629 [INFO] ServerAccessManage:362 - Download File 
2021-11-19 21:36:33,101 [INFO] LoadUrlFilesThread:172 - End of LoadServerUrlFiles without Thread
2021-11-19 21:36:33,102 [INFO] TargetSelectorAdapter:224 - Refresh data is successful
2021-11-19 21:36:34,644 [INFO] ApiDb:479 - Connected to CubeFinder SQLite database (C:\Users\mohanned\.stmcufinder\plugins\mcufinder\mcu\cube-finder-db.db)
2021-11-19 21:36:39,054 [INFO] DbExamplesSqlite:411 - Ignored 16 examples not supported by CubeIDE
2021-11-19 21:36:39,054 [INFO] DbExamplesSqlite:412 - Found 5811 examples active
2021-11-19 21:36:39,054 [INFO] DbExamplesSqlite:413 - Found 0 examples obsolete
2021-11-19 21:36:39,054 [INFO] DbExamplesSqlite:414 - Found 0 examples under development
2021-11-19 21:36:39,055 [INFO] DbExamplesSqlite:415 - Found 83 examples not building
2021-11-19 21:36:39,848 [INFO] DbExamplesSqlite:108 - CubeFinder database Data Model version=2.1
2021-11-19 21:36:39,849 [INFO] DbExamplesSqlite:109 - CubeFinder database Configuration version=3.0.14
2021-11-19 21:36:39,849 [INFO] DbExamplesSqlite:110 - CubeFinder database generation date=2021-10-26 (1635247417)
2021-11-19 21:36:39,849 [INFO] DbExamplesSqlite:111 - CubeFinder database FW Pack versions=[STM32Cube_FW_F4_V1.26.2, STM32Cube_FW_F7_V1.16.1, STM32Cube_FW_G0_V1.5.0, STM32Cube_FW_G4_V1.4.0, STM32Cube_FW_H7_V1.9.0, STM32Cube_FW_L5_V1.4.0, STM32Cube_FW_U5_V1.0.2, STM32Cube_FW_WB_V1.12.1, STM32Cube_FW_WL_V1.1.0, X-CUBE-ALS_V1.0.1, X-CUBE-AZRTOS-F4_V1.0.0, X-CUBE-AZRTOS-H7_V2.0.0, X-CUBE-AZRTOS-L4_V1.0.0, X-CUBE-BLE1_V6.2.1, X-CUBE-BLE2_V3.2.1, X-CUBE-EEPRMA1_V3.1.0, X-CUBE-GNSS1_V5.2.0, X-CUBE-NFC4_V2.0.3, X-CUBE-SFXS2LP1_V3.1.0, X-CUBE-SUBG2_V4.2.0]
2021-11-19 21:36:39,850 [INFO] DbExamples:130 - Found 5878 examples
2021-11-19 21:36:40,876 [ERROR] DbExamples:206 - Found 5878 examples with invalid data (board or MCU)
2021-11-19 21:36:40,877 [INFO] DbExamples:222 - Found 74 boards with related examples
2021-11-19 21:36:40,877 [INFO] DbExamples:235 - Found 0 MCUs with related examples
2021-11-19 21:36:40,903 [INFO] ApiDb:251 - Load user favorites file C:\Users\mohanned/.stm32cubeide/favorites.examples.txt: 0 item(s)
2021-11-19 21:36:40,904 [INFO] ApiDb:255 - User favorites Examples=[]
2021-11-19 21:36:40,904 [INFO] DbExamples:256 - Set 0 / 0 favorites Examples
2021-11-19 21:36:44,308 [INFO] McuFinderGlobals:52 - Set McuFinderConnectedMode to false
2021-11-19 21:36:44,608 [INFO] CrossSelectorPresenter:1330 - Cross Selector saved comparison directory: C:\Users\mohanned\.stmcufinder\plugins\mcufinder\mcu\cs_comparisons_mx
2021-11-19 21:36:44,634 [INFO] MultiScanPanel:197 - Auto-refresh data requested => check proxy status ongoing
2021-11-19 21:36:44,634 [INFO] MultiScanPanel:201 - Proxy status is invalid
2021-11-19 21:36:44,640 [INFO] FinderPluginLoader:87 - Searching for filters in installed packs
2021-11-19 21:36:45,912 [INFO] DetailPanel:309 - Set advertising image to C:/Users/mohanned/STM32Cube/Repository/\en.Prom_NBSTM32U50921.jpg
2021-11-19 21:38:31,860 [INFO] CrossReferenceDbSqlite:236 - SQLite db open (C:\Users\mohanned\.stmcufinder\plugins\mcufinder\mcu\cs\crdb.db)
2021-11-19 21:40:26,395 [INFO] McuFinderGlobals:52 - Set McuFinderConnectedMode to true
2021-11-19 21:40:26,398 [INFO] ApiDb:276 - Save user favorites file C:\Users\mohanned/.stm32cubeide/favorites.mcus.txt: 0 item(s)
2021-11-19 21:40:26,399 [INFO] ApiDb:280 - User favorites MCUs=[]
2021-11-19 21:41:59,405 [INFO] Activator:177 - 


2021-11-19 21:41:59,407 [INFO] Activator:178 - !SESSION log4j initialized
